<?xml version="1.0" encoding="utf-8"?><testsuites name="pytest tests"><testsuite name="pytest" errors="0" failures="1" skipped="0" tests="24" time="8.646" timestamp="2026-05-26T02:43:04.633566+00:00" hostname="agent-env-fc7e360a-79a3-4531-a892-94ffb859ae91"><testcase classname="backend.tests.test_iteration7.TestPersonalityDNA" name="test_questions_shape" time="0.632" /><testcase classname="backend.tests.test_iteration7.TestPersonalityDNA" name="test_dna_partial_rejected" time="0.089" /><testcase classname="backend.tests.test_iteration7.TestPersonalityDNA" name="test_dna_full_and_get" time="0.172" /><testcase classname="backend.tests.test_iteration7.TestPersonalityDNA" name="test_compat_both_complete" time="0.870" /><testcase classname="backend.tests.test_iteration7.TestPersonalityDNA" name="test_compat_other_incomplete" time="0.082"><failure message="assert 404 == 200&#10; +  where 404 = &lt;Response [404]&gt;.status_code">backend/tests/test_iteration7.py:85: in test_compat_other_incomplete
    assert r.status_code == 200
E   assert 404 == 200
E    +  where 404 = &lt;Response [404]&gt;.status_code</failure></testcase><testcase classname="backend.tests.test_iteration7.TestPersonalityDNA" name="test_discover_includes_personality_score" time="0.354" /><testcase classname="backend.tests.test_iteration7.TestPostDateCheckin" name="test_missing_contact_400" time="0.181" /><testcase classname="backend.tests.test_iteration7.TestPostDateCheckin" name="test_create_confirm_snooze_flow" time="0.355" /><testcase classname="backend.tests.test_iteration7.TestPostDateCheckin" name="test_run_alerts_overdue" time="0.175" /><testcase classname="backend.tests.test_iteration7.TestSafeZones" name="test_zones_list" time="0.085" /><testcase classname="backend.tests.test_iteration7.TestSafeZones" name="test_zones_with_city" time="0.087" /><testcase classname="backend.tests.test_iteration7.TestSafeZones" name="test_share_location_match_required" time="0.107" /><testcase classname="backend.tests.test_iteration7.TestSafeZones" name="test_share_location_lifecycle" time="0.367" /><testcase classname="backend.tests.test_iteration7.TestSelfieVerify" name="test_no_photos_400" time="0.089" /><testcase classname="backend.tests.test_iteration7.TestSelfieVerify" name="test_non_data_url_400" time="0.085" /><testcase classname="backend.tests.test_iteration7.TestSelfieVerify" name="test_too_large_400" time="0.341" /><testcase classname="backend.tests.test_iteration7.TestSelfieVerify" name="test_valid_call_returns_shape_no_false_verify" time="1.627" /><testcase classname="backend.tests.test_iteration7.TestBackgroundLite" name="test_bad_dob_format_400" time="0.117" /><testcase classname="backend.tests.test_iteration7.TestBackgroundLite" name="test_underage_400" time="0.078" /><testcase classname="backend.tests.test_iteration7.TestBackgroundLite" name="test_success_sets_flag_and_badge" time="0.212" /><testcase classname="backend.tests.test_iteration7.TestBadges" name="test_badges_shape" time="0.089" /><testcase classname="backend.tests.test_iteration7.TestIter6Fixes" name="test_todays_spark_match_reasons_on_cached" time="0.172" /><testcase classname="backend.tests.test_iteration7.TestIter6Fixes" name="test_reignite_returns_3_topics" time="2.032" /><testcase classname="backend.tests.test_iteration7.TestIter6Fixes" name="test_transparency_max_110" time="0.088" /></testsuite></testsuites>