<?xml version="1.0" encoding="utf-8"?><testsuites name="pytest tests"><testsuite name="pytest" errors="0" failures="0" skipped="0" tests="26" time="7.881" timestamp="2026-05-26T02:01:50.226583+00:00" hostname="agent-env-fc7e360a-79a3-4531-a892-94ffb859ae91"><testcase classname="backend.tests.test_iteration6.TestCompleteness" name="test_completeness_shape" time="0.449" /><testcase classname="backend.tests.test_iteration6.TestCompleteness" name="test_completeness_increments_on_interests" time="0.178" /><testcase classname="backend.tests.test_iteration6.TestProfileFields" name="test_options_no_auth" time="0.071" /><testcase classname="backend.tests.test_iteration6.TestGrowthGoals" name="test_save_and_persist" time="0.174" /><testcase classname="backend.tests.test_iteration6.TestGrowthGoals" name="test_max_5_truncation" time="0.177" /><testcase classname="backend.tests.test_iteration6.TestIcebreakers" name="test_save_and_persist" time="0.093" /><testcase classname="backend.tests.test_iteration6.TestIcebreakers" name="test_max_3_and_empty_filter" time="0.097" /><testcase classname="backend.tests.test_iteration6.TestPledge" name="test_toggle_on_off" time="0.180" /><testcase classname="backend.tests.test_iteration6.TestWellness" name="test_checkin_invalid_mood" time="0.092" /><testcase classname="backend.tests.test_iteration6.TestWellness" name="test_checkin_good" time="0.081" /><testcase classname="backend.tests.test_iteration6.TestWellness" name="test_three_down_streak" time="0.075" /><testcase classname="backend.tests.test_iteration6.TestWellness" name="test_status_shape" time="0.098" /><testcase classname="backend.tests.test_iteration6.TestWellness" name="test_take_break_then_excluded_from_discover" time="0.580" /><testcase classname="backend.tests.test_iteration6.TestWellness" name="test_daily_limit_is_30" time="0.094" /><testcase classname="backend.tests.test_iteration6.TestTransparency" name="test_transparency_shape" time="0.097" /><testcase classname="backend.tests.test_iteration6.TestTodaysSpark" name="test_todays_spark_cached" time="0.169" /><testcase classname="backend.tests.test_iteration6.TestTodaysSpark" name="test_why_returns_reasons" time="0.097" /><testcase classname="backend.tests.test_iteration6.TestChatHealthReignite" name="test_health_active_with_recent_messages" time="0.077" /><testcase classname="backend.tests.test_iteration6.TestChatHealthReignite" name="test_health_stale_red" time="0.086" /><testcase classname="backend.tests.test_iteration6.TestChatHealthReignite" name="test_reignite_returns_3_topics" time="3.396" /><testcase classname="backend.tests.test_iteration6.TestAnniversary" name="test_anniversary_week" time="0.398" /><testcase classname="backend.tests.test_iteration6.TestRegression" name="test_login_demo1" time="0.321" /><testcase classname="backend.tests.test_iteration6.TestRegression" name="test_discover_works" time="0.132" /><testcase classname="backend.tests.test_iteration6.TestRegression" name="test_matches_list" time="0.086" /><testcase classname="backend.tests.test_iteration6.TestRegression" name="test_ai_date_planner_premium_gate" time="0.084" /><testcase classname="backend.tests.test_iteration6.TestRegression" name="test_vip_admin_login" time="0.396" /></testsuite></testsuites>