<?xml version="1.0" encoding="utf-8"?><testsuites name="pytest tests"><testsuite name="pytest" errors="0" failures="0" skipped="0" tests="17" time="6.731" timestamp="2026-05-26T03:57:46.861192+00:00" hostname="agent-env-fc7e360a-79a3-4531-a892-94ffb859ae91"><testcase classname="backend.tests.test_iteration11.TestProfileFieldsRoundTrip" name="test_profile_new_fields_persist" time="0.972" /><testcase classname="backend.tests.test_iteration11.TestProfileFieldOptions" name="test_filter_options_keys_and_shape" time="0.294" /><testcase classname="backend.tests.test_iteration11.TestGetFilters" name="test_get_filters_shape_free" time="0.274" /><testcase classname="backend.tests.test_iteration11.TestGetFilters" name="test_get_filters_premium_flag" time="0.575" /><testcase classname="backend.tests.test_iteration11.TestPutFiltersFree" name="test_free_user_drops_premium_fields" time="0.334" /><testcase classname="backend.tests.test_iteration11.TestPutFiltersFree" name="test_empty_list_filters_stripped" time="0.276" /><testcase classname="backend.tests.test_iteration11.TestPutFiltersPremium" name="test_premium_persists_all" time="0.287" /><testcase classname="backend.tests.test_iteration11.TestPutFiltersPremium" name="test_premium_cleanup" time="0.258" /><testcase classname="backend.tests.test_iteration11.TestFilterValidation" name="test_age_min_greater_than_max_400" time="0.275" /><testcase classname="backend.tests.test_iteration11.TestFilterValidation" name="test_height_min_greater_than_max_400" time="0.325" /><testcase classname="backend.tests.test_iteration11.TestFilterValidation" name="test_age_min_clamps_to_18" time="0.257" /><testcase classname="backend.tests.test_iteration11.TestFilterValidation" name="test_age_max_clamps_to_120" time="0.271" /><testcase classname="backend.tests.test_iteration11.TestFilterValidation" name="test_distance_max_clamps_to_1" time="0.267" /><testcase classname="backend.tests.test_iteration11.TestDeleteFilters" name="test_delete_unsets" time="0.462" /><testcase classname="backend.tests.test_iteration11.TestDiscoverFilters" name="test_age_filter_excludes_out_of_range" time="0.368" /><testcase classname="backend.tests.test_iteration11.TestDiscoverFilters" name="test_recently_active_only_filters_old_profiles" time="0.387" /><testcase classname="backend.tests.test_iteration11.TestDiscoverFilters" name="test_premium_education_filter" time="0.722" /></testsuite></testsuites>