<?xml version="1.0" encoding="utf-8"?><testsuites name="pytest tests"><testsuite name="pytest" errors="0" failures="0" skipped="0" tests="20" time="9.041" timestamp="2026-05-26T03:17:48.447864+00:00" hostname="agent-env-fc7e360a-79a3-4531-a892-94ffb859ae91"><testcase classname="backend.tests.test_iteration8.TestTimeline" name="test_membership_required_403" time="0.600" /><testcase classname="backend.tests.test_iteration8.TestTimeline" name="test_milestones_shape_and_cache" time="3.549" /><testcase classname="backend.tests.test_iteration8.TestFirstDateScript" name="test_membership_required_403" time="0.100" /><testcase classname="backend.tests.test_iteration8.TestFirstDateScript" name="test_locked_when_few_messages" time="0.097" /><testcase classname="backend.tests.test_iteration8.TestFirstDateScript" name="test_unlocked_script_and_cache" time="2.456" /><testcase classname="backend.tests.test_iteration8.TestWeeklyChallenge" name="test_get_weekly_shape" time="0.105" /><testcase classname="backend.tests.test_iteration8.TestWeeklyChallenge" name="test_complete_nonexistent_404" time="0.097" /><testcase classname="backend.tests.test_iteration8.TestWeeklyChallenge" name="test_complete_idempotent_no_double_xp" time="0.297" /><testcase classname="backend.tests.test_iteration8.TestWeeklyChallenge" name="test_leaderboard_shape" time="0.080" /><testcase classname="backend.tests.test_iteration8.TestWeeklyChallenge" name="test_history_returns_completions_with_title" time="0.290" /><testcase classname="backend.tests.test_iteration8.TestStreak" name="test_streak_resets_to_one_if_skipped" time="0.169" /><testcase classname="backend.tests.test_iteration8.TestStreak" name="test_streak_increments_if_completed_last_week" time="0.275" /><testcase classname="backend.tests.test_iteration8.TestLevelMath" name="test_xp_boundary[0-0]" time="0.095" /><testcase classname="backend.tests.test_iteration8.TestLevelMath" name="test_xp_boundary[100-1]" time="0.098" /><testcase classname="backend.tests.test_iteration8.TestLevelMath" name="test_xp_boundary[200-2]" time="0.079" /><testcase classname="backend.tests.test_iteration8.TestLevelMath" name="test_xp_boundary[400-4]" time="0.082" /><testcase classname="backend.tests.test_iteration8.TestLevelMath" name="test_xp_boundary[500-5]" time="0.085" /><testcase classname="backend.tests.test_iteration8.TestLevelMath" name="test_xp_boundary[99-0]" time="0.082" /><testcase classname="backend.tests.test_iteration8.TestLevelMath" name="test_xp_boundary[1500-10]" time="0.099" /><testcase classname="backend.tests.test_iteration8.TestLevelMath" name="test_rising_spark_badge_at_level_5" time="0.167" /></testsuite></testsuites>