<?xml version="1.0" encoding="utf-8"?><testsuites name="pytest tests"><testsuite name="pytest" errors="0" failures="0" skipped="0" tests="26" time="79.202" timestamp="2026-05-26T01:12:16.274815+00:00" hostname="agent-env-fc7e360a-79a3-4531-a892-94ffb859ae91"><testcase classname="backend.tests.test_iteration5.TestPasswordStrength" name="test_weak_too_short" time="0.265" /><testcase classname="backend.tests.test_iteration5.TestPasswordStrength" name="test_no_special_char" time="0.083" /><testcase classname="backend.tests.test_iteration5.TestPasswordStrength" name="test_no_digit" time="0.077" /><testcase classname="backend.tests.test_iteration5.TestPasswordStrength" name="test_strong_password_ok" time="0.327" /><testcase classname="backend.tests.test_iteration5.TestDOBBlock" name="test_minor_blocked_403" time="0.313" /><testcase classname="backend.tests.test_iteration5.TestDOBBlock" name="test_adult_dob_allowed" time="65.377" /><testcase classname="backend.tests.test_iteration5.TestJWTExpiry" name="test_jwt_exp_is_30_days" time="0.419" /><testcase classname="backend.tests.test_iteration5.TestBcryptRounds" name="test_user_password_hash_has_12_rounds" time="0.001" /><testcase classname="backend.tests.test_iteration5.TestMessageEncryption" name="test_message_stored_encrypted_and_decrypted_on_read" time="0.275" /><testcase classname="backend.tests.test_iteration5.TestTwoFactor" name="test_2fa_full_flow" time="0.829" /><testcase classname="backend.tests.test_iteration5.TestAccountDeletion" name="test_delete_request_and_cancel" time="0.705" /><testcase classname="backend.tests.test_iteration5.TestAccountDeletion" name="test_delete_confirm_wrong_string_400" time="0.614" /><testcase classname="backend.tests.test_iteration5.TestAccountDeletion" name="test_delete_confirm_cascades" time="0.631" /><testcase classname="backend.tests.test_iteration5.TestDataExport" name="test_export_returns_zip_with_expected_files" time="0.087" /><testcase classname="backend.tests.test_iteration5.TestPrivateMode" name="test_free_user_gets_402" time="0.092" /><testcase classname="backend.tests.test_iteration5.TestPrivateMode" name="test_vip_admin_can_toggle" time="0.455" /><testcase classname="backend.tests.test_iteration5.TestEnhancedBlock" name="test_block_cascades" time="0.311" /><testcase classname="backend.tests.test_iteration5.TestAdminSecurity" name="test_non_admin_403" time="0.079" /><testcase classname="backend.tests.test_iteration5.TestAdminSecurity" name="test_admin_lists_flags" time="0.352" /><testcase classname="backend.tests.test_iteration5.TestSecurityHeaders" name="test_headers_present" time="0.099" /><testcase classname="backend.tests.test_iteration5.TestSuspiciousActivity" name="test_messaging_spam_flag_via_seed_and_helper" time="1.689" /><testcase classname="backend.tests.test_iteration5.TestSuspiciousActivity" name="test_swipe_bot_flag" time="0.006" /><testcase classname="backend.tests.test_iteration5.TestRegression" name="test_discover_still_works" time="0.152" /><testcase classname="backend.tests.test_iteration5.TestRegression" name="test_login_still_works" time="0.343" /><testcase classname="backend.tests.test_iteration5.TestZZRateLimiting" name="test_login_rate_limit_429" time="0.912" /><testcase classname="backend.tests.test_iteration5.TestZZRateLimiting" name="test_register_rate_limit_429" time="4.597" /></testsuite></testsuites>