<?xml version="1.0" encoding="utf-8"?><testsuites name="pytest tests"><testsuite name="pytest" errors="0" failures="0" skipped="0" tests="20" time="6.011" timestamp="2026-05-26T04:42:24.756356+00:00" hostname="agent-env-fc7e360a-79a3-4531-a892-94ffb859ae91"><testcase classname="backend.tests.test_iteration12.TestFilterClamps" name="test_age_max_clamps_to_99" time="1.119" /><testcase classname="backend.tests.test_iteration12.TestFilterClamps" name="test_age_min_clamps_to_18" time="0.080" /><testcase classname="backend.tests.test_iteration12.TestFilterClamps" name="test_age_min_above_99_clamps_to_99" time="0.083" /><testcase classname="backend.tests.test_iteration12.TestFilterClamps" name="test_age_max_below_18_clamps_to_18" time="0.078" /><testcase classname="backend.tests.test_iteration12.TestFilterClamps" name="test_height_min_clamps_to_140" time="0.108" /><testcase classname="backend.tests.test_iteration12.TestFilterClamps" name="test_height_max_clamps_to_220" time="0.096" /><testcase classname="backend.tests.test_iteration12.TestFilterClamps" name="test_distance_max_clamps_to_500" time="0.098" /><testcase classname="backend.tests.test_iteration12.TestFilterClamps" name="test_cleanup_filters" time="0.078" /><testcase classname="backend.tests.test_iteration12.TestSwipesRemaining" name="test_vip_has_999999_swipes" time="0.090" /><testcase classname="backend.tests.test_iteration12.TestSwipesRemaining" name="test_free_user_has_finite_swipes" time="2.927" /><testcase classname="backend.tests.test_iteration12.TestLocationEndpoint" name="test_location_with_city_and_country" time="0.163" /><testcase classname="backend.tests.test_iteration12.TestLocationEndpoint" name="test_get_me_reflects_updated_location" time="0.237" /><testcase classname="backend.tests.test_iteration12.TestLocationEndpoint" name="test_empty_city_returns_400" time="0.082" /><testcase classname="backend.tests.test_iteration12.TestLocationEndpoint" name="test_whitespace_only_city_returns_400" time="0.093" /><testcase classname="backend.tests.test_iteration12.TestLocationEndpoint" name="test_city_only_no_country_works" time="0.129" /><testcase classname="backend.tests.test_iteration12.TestRegression" name="test_discover_works" time="0.089" /><testcase classname="backend.tests.test_iteration12.TestRegression" name="test_matches_works" time="0.109" /><testcase classname="backend.tests.test_iteration12.TestRegression" name="test_likes_works" time="0.089" /><testcase classname="backend.tests.test_iteration12.TestRegression" name="test_profile_get" time="0.080" /><testcase classname="backend.tests.test_iteration12.TestRegression" name="test_filters_get" time="0.114" /></testsuite></testsuites>