<?xml version="1.0" encoding="utf-8"?><testsuites name="pytest tests"><testsuite name="pytest" errors="0" failures="0" skipped="0" tests="17" time="6.143" timestamp="2026-05-26T03:45:08.694039+00:00" hostname="agent-env-fc7e360a-79a3-4531-a892-94ffb859ae91"><testcase classname="backend.tests.test_iteration10.TestTTLIndex" name="test_ttl_index_exists" time="0.005" /><testcase classname="backend.tests.test_iteration10.TestTTLIndex" name="test_share_location_stores_bson_datetime" time="1.127" /><testcase classname="backend.tests.test_iteration10.TestTTLIndex" name="test_expired_share_returns_expired_true" time="0.121" /><testcase classname="backend.tests.test_iteration10.TestTTLIndex" name="test_legacy_iso_string_expires_at_does_not_crash" time="0.115" /><testcase classname="backend.tests.test_iteration10.TestActivityStatus" name="test_profile_endpoint_has_last_active_fields" time="0.090" /><testcase classname="backend.tests.test_iteration10.TestActivityStatus" name="test_discover_profiles_have_last_active_fields" time="0.103" /><testcase classname="backend.tests.test_iteration10.TestActivityStatus" name="test_matches_user_has_last_active_fields" time="0.099" /><testcase classname="backend.tests.test_iteration10.TestLastActiveThrottle" name="test_rapid_calls_do_not_move_timestamp" time="3.507" /><testcase classname="backend.tests.test_iteration10.TestHumanLastActive" name="test_active_now" time="0.118" /><testcase classname="backend.tests.test_iteration10.TestHumanLastActive" name="test_minutes_ago" time="0.113" /><testcase classname="backend.tests.test_iteration10.TestHumanLastActive" name="test_hours_ago" time="0.101" /><testcase classname="backend.tests.test_iteration10.TestHumanLastActive" name="test_yesterday" time="0.102" /><testcase classname="backend.tests.test_iteration10.TestHumanLastActive" name="test_days_ago" time="0.101" /><testcase classname="backend.tests.test_iteration10.TestHumanLastActive" name="test_weeks_ago" time="0.078" /><testcase classname="backend.tests.test_iteration10.TestHumanLastActive" name="test_months_ago" time="0.083" /><testcase classname="backend.tests.test_iteration10.TestIsOnlineFlag" name="test_online_when_recent" time="0.080" /><testcase classname="backend.tests.test_iteration10.TestIsOnlineFlag" name="test_offline_when_old" time="0.085" /></testsuite></testsuites>