<?xml version="1.0" encoding="utf-8"?><testsuites name="pytest tests"><testsuite name="pytest" errors="0" failures="0" skipped="0" tests="21" time="5.820" timestamp="2026-05-26T00:11:40.559871+00:00" hostname="agent-env-fc7e360a-79a3-4531-a892-94ffb859ae91"><testcase classname="backend.tests.test_iteration3.TestRegistrationAndAdminAutoPremium" name="test_register_free_user_gets_20_swipes" time="0.420" /><testcase classname="backend.tests.test_iteration3.TestRegistrationAndAdminAutoPremium" name="test_admin1_auto_vip" time="0.476" /><testcase classname="backend.tests.test_iteration3.TestRegistrationAndAdminAutoPremium" name="test_admin2_auto_vip" time="0.482" /><testcase classname="backend.tests.test_iteration3.TestSubscriptionPlansContent" name="test_premium_monthly_features" time="0.082" /><testcase classname="backend.tests.test_iteration3.TestSafetyCenter" name="test_safety_me_shape" time="0.409" /><testcase classname="backend.tests.test_iteration3.TestSafetyCenter" name="test_safety_settings_update_persists" time="0.188" /><testcase classname="backend.tests.test_iteration3.TestSafetyCenter" name="test_block_unblock_flow_and_match_status" time="1.104" /><testcase classname="backend.tests.test_iteration3.TestSafetyCenter" name="test_report_user" time="0.094" /><testcase classname="backend.tests.test_iteration3.TestSafetyCenter" name="test_panic_returns_contact_when_set" time="0.104" /><testcase classname="backend.tests.test_iteration3.TestSafetyCenter" name="test_panic_warning_when_no_contact" time="0.412" /><testcase classname="backend.tests.test_iteration3.TestSupportCenter" name="test_faq" time="0.032" /><testcase classname="backend.tests.test_iteration3.TestSupportCenter" name="test_support_contact_creates_ticket" time="0.101" /><testcase classname="backend.tests.test_iteration3.TestSupportCenter" name="test_bug_report" time="0.077" /><testcase classname="backend.tests.test_iteration3.TestPremiumGates" name="test_date_planner_402_for_free" time="0.088" /><testcase classname="backend.tests.test_iteration3.TestPremiumGates" name="test_voice_message_402_for_free" time="0.088" /><testcase classname="backend.tests.test_iteration3.TestPremiumGates" name="test_compatibility_402_for_free" time="0.092" /><testcase classname="backend.tests.test_iteration3.TestAdminPremiumAccess" name="test_admin_can_hit_date_planner_no_402" time="0.087" /><testcase classname="backend.tests.test_iteration3.TestDateCountdown" name="test_agree_date_flow" time="0.199" /><testcase classname="backend.tests.test_iteration3.TestDateCountdown" name="test_extend_match_once" time="0.189" /><testcase classname="backend.tests.test_iteration3.TestGeocoding" name="test_profile_update_geocodes_paris" time="0.506" /><testcase classname="backend.tests.test_iteration3.TestDiscoverEnhancements" name="test_discover_schema_and_blocked_exclusion" time="0.564" /></testsuite></testsuites>