<?xml version="1.0" encoding="utf-8"?><testsuites name="pytest tests"><testsuite name="pytest" errors="0" failures="0" skipped="0" tests="16" time="7.144" timestamp="2026-05-26T03:33:13.616028+00:00" hostname="agent-env-fc7e360a-79a3-4531-a892-94ffb859ae91"><testcase classname="backend.tests.test_iteration9.TestPushNotifications" name="test_vapid_public_key" time="0.351" /><testcase classname="backend.tests.test_iteration9.TestPushNotifications" name="test_subscribe_upsert" time="0.520" /><testcase classname="backend.tests.test_iteration9.TestPushNotifications" name="test_push_test_endpoint_exercises_code_path" time="0.113" /><testcase classname="backend.tests.test_iteration9.TestPushNotifications" name="test_unsubscribe" time="0.084" /><testcase classname="backend.tests.test_iteration9.TestPushNotifications" name="test_push_test_no_subscription_returns_zero" time="0.089" /><testcase classname="backend.tests.test_iteration9.TestPushNotifications" name="test_unsubscribe_requires_endpoint" time="0.095" /><testcase classname="backend.tests.test_iteration9.TestAutoPushHooks" name="test_message_send_does_not_error_with_fake_push_sub" time="2.502" /><testcase classname="backend.tests.test_iteration9.TestPhotoUpload" name="test_reject_non_image" time="0.081" /><testcase classname="backend.tests.test_iteration9.TestPhotoUpload" name="test_reject_empty" time="0.091" /><testcase classname="backend.tests.test_iteration9.TestPhotoUpload" name="test_reject_too_large" time="0.179" /><testcase classname="backend.tests.test_iteration9.TestPhotoUpload" name="test_upload_get_delete_lifecycle" time="1.249" /><testcase classname="backend.tests.test_iteration9.TestPhotoUpload" name="test_get_nonexistent_path_404" time="0.088" /><testcase classname="backend.tests.test_iteration9.TestPhotoUpload" name="test_delete_requires_url" time="0.087" /><testcase classname="backend.tests.test_iteration9.TestCronSweep" name="test_overdue_checkin_transitions_to_alerted" time="0.280" /><testcase classname="backend.tests.test_iteration9.TestCronSweep" name="test_sweep_skips_future_checkins" time="0.086" /><testcase classname="backend.tests.test_iteration9.TestStorageKeyRefresh" name="test_force_clear_cache_then_get_works" time="1.132" /></testsuite></testsuites>