<?xml version="1.0" encoding="utf-8"?><testsuites name="pytest tests"><testsuite name="pytest" errors="0" failures="0" skipped="0" tests="17" time="4.680" timestamp="2026-05-26T00:35:04.649858+00:00" hostname="agent-env-fc7e360a-79a3-4531-a892-94ffb859ae91"><testcase classname="backend.tests.test_iteration4.TestSupportEmailGracefulFailure" name="test_support_contact_saves_ticket_no_error" time="0.916" /><testcase classname="backend.tests.test_iteration4.TestSupportEmailGracefulFailure" name="test_bug_report_saves_no_error" time="0.195" /><testcase classname="backend.tests.test_iteration4.TestProfileBoost" name="test_boost_free_returns_402" time="0.088" /><testcase classname="backend.tests.test_iteration4.TestProfileBoost" name="test_boost_vip_success" time="0.077" /><testcase classname="backend.tests.test_iteration4.TestProfileBoost" name="test_boost_status_vip_active" time="0.206" /><testcase classname="backend.tests.test_iteration4.TestProfileBoost" name="test_boost_status_free" time="0.092" /><testcase classname="backend.tests.test_iteration4.TestProfileBoost" name="test_boost_vip_4th_call_429" time="0.328" /><testcase classname="backend.tests.test_iteration4.TestProfileViewers" name="test_view_self_not_recorded" time="0.081" /><testcase classname="backend.tests.test_iteration4.TestProfileViewers" name="test_view_target_idempotent" time="0.496" /><testcase classname="backend.tests.test_iteration4.TestProfileViewers" name="test_viewers_free_returns_402" time="0.105" /><testcase classname="backend.tests.test_iteration4.TestProfileViewers" name="test_viewers_vip_returns_list_no_user_not_found" time="0.180" /><testcase classname="backend.tests.test_iteration4.TestUndoSwipe" name="test_undo_free_returns_402" time="0.070" /><testcase classname="backend.tests.test_iteration4.TestUndoSwipe" name="test_undo_premium_success" time="0.473" /><testcase classname="backend.tests.test_iteration4.TestUndoSwipe" name="test_undo_premium_match_cleanup" time="0.594" /><testcase classname="backend.tests.test_iteration4.TestDiscoverBoosted" name="test_discover_has_is_boosted_field" time="0.075" /><testcase classname="backend.tests.test_iteration4.TestDiscoverBoosted" name="test_discover_boosted_profiles_appear_first" time="0.411" /><testcase classname="backend.tests.test_iteration4.TestMeViewersNoUserNotFoundCollision" name="test_me_viewers_not_treated_as_profile_id" time="0.169" /></testsuite></testsuites>