<?xml version="1.0" encoding="utf-8"?><testsuites name="pytest tests"><testsuite name="pytest" errors="0" failures="0" skipped="0" tests="17" time="20.460" timestamp="2026-05-25T19:35:42.634753+00:00" hostname="agent-env-fc7e360a-79a3-4531-a892-94ffb859ae91"><testcase classname="backend.tests.backend_test.TestAuth" name="test_login_demo1" time="0.540" /><testcase classname="backend.tests.backend_test.TestAuth" name="test_login_demo2" time="0.268" /><testcase classname="backend.tests.backend_test.TestAuth" name="test_login_invalid" time="0.269" /><testcase classname="backend.tests.backend_test.TestCoreFlows" name="test_discover" time="0.446" /><testcase classname="backend.tests.backend_test.TestCoreFlows" name="test_matches" time="0.094" /><testcase classname="backend.tests.backend_test.TestCoreFlows" name="test_likes_you" time="0.099" /><testcase classname="backend.tests.backend_test.TestAI" name="test_date_ideas_real_ai" time="4.110" /><testcase classname="backend.tests.backend_test.TestAI" name="test_icebreakers_real_ai" time="1.830" /><testcase classname="backend.tests.backend_test.TestAI" name="test_compatibility_real_ai" time="1.767" /><testcase classname="backend.tests.backend_test.TestAI" name="test_compatibility_persisted" time="0.208" /><testcase classname="backend.tests.backend_test.TestSubscriptions" name="test_plans" time="0.041" /><testcase classname="backend.tests.backend_test.TestSubscriptions" name="test_checkout_stripe" time="0.769" /><testcase classname="backend.tests.backend_test.TestMessaging" name="test_send_message" time="0.124" /><testcase classname="backend.tests.backend_test.TestMessaging" name="test_get_messages" time="0.101" /><testcase classname="backend.tests.backend_test.TestMessaging" name="test_send_voice_message" time="0.123" /><testcase classname="backend.tests.backend_test.TestWebSocket" name="test_ws_connect_and_typing" time="9.446" /><testcase classname="backend.tests.backend_test.TestWebSocket" name="test_ws_rejects_invalid_token" time="0.182" /></testsuite></testsuites>